<?xml version="1.0" encoding="UTF-8"?>
<!-- Generated by org.testng.reporters.JUnitXMLReporter -->
<testsuite hostname="LAPTOP-FGDVT8TN" ignored="3" name="Default test" tests="1" failures="0" timestamp="01 May 2019 13:02:10 GMT" time="111.806" errors="0">
  <testcase name="verifyUserisAbleToResetfilledValueUsingResetFormBtnOnOnlineCatalogPage" time="111.618" classname="testScripts.OnlineCatalogTest"/>
  <testcase name="verifyButtonsResetFormAndPlaceAndOrderOnOnlineCatalogPage" time="0.0" classname="testScripts.OnlineCatalogTest">
    <ignored/>
  </testcase> <!-- verifyButtonsResetFormAndPlaceAndOrderOnOnlineCatalogPage -->
  <testcase name="verifyUserisUnableToPlaceOrderWithoutSelectingProductOnOnlineCatalogPage" time="0.0" classname="testScripts.OnlineCatalogTest">
    <ignored/>
  </testcase> <!-- verifyUserisUnableToPlaceOrderWithoutSelectingProductOnOnlineCatalogPage -->
  <testcase name="verify6ItemsDisplayedOnOnlineCatalogPage" time="0.0" classname="testScripts.OnlineCatalogTest">
    <ignored/>
  </testcase> <!-- verify6ItemsDisplayedOnOnlineCatalogPage -->
</testsuite> <!-- Default test -->
