<?xml version="1.0" encoding="UTF-8"?>
<testng-results skipped="0" failed="0" ignored="3" total="4" passed="1">
  <reporter-output>
  </reporter-output>
  <suite name="Default suite" duration-ms="111806" started-at="2019-05-01T13:00:17Z" finished-at="2019-05-01T13:02:09Z">
    <groups>
    </groups>
    <test name="Default test" duration-ms="111806" started-at="2019-05-01T13:00:17Z" finished-at="2019-05-01T13:02:09Z">
      <class name="testScripts.OnlineCatalogTest">
        <test-method status="PASS" signature="verifyUserisAbleToResetfilledValueUsingResetFormBtnOnOnlineCatalogPage()[pri:0, instance:testScripts.OnlineCatalogTest@cb5822]" name="verifyUserisAbleToResetfilledValueUsingResetFormBtnOnOnlineCatalogPage" duration-ms="111618" started-at="2019-05-01T13:00:17Z" finished-at="2019-05-01T13:02:09Z">
          <reporter-output>
          </reporter-output>
        </test-method> <!-- verifyUserisAbleToResetfilledValueUsingResetFormBtnOnOnlineCatalogPage -->
      </class> <!-- testScripts.OnlineCatalogTest -->
    </test> <!-- Default test -->
  </suite> <!-- Default suite -->
</testng-results>
